0 silly argv { _: [ 'version' ],
0 silly argv   lernaVersion: '3.22.1',
0 silly argv   '$0': 'node_modules\\lerna\\cli.js' }
1 notice cli v3.22.1
2 verbose rootPath C:\self\work\bfd\projects\adhere
3 info current version 1.0.3
4 silly isAnythingCommitted
5 verbose isAnythingCommitted 1
6 silly currentBranch
7 verbose currentBranch develop
8 silly remoteBranchExists
9 silly isBehindUpstream
10 error Error: Command failed: git remote update
10 error fatal: unable to access 'http://git.baifendian.com/SYYF/adhere.git/': Recv failure: Connection was reset
10 error error: Could not fetch origin
10 error
10 error Fetching origin
10 error
10 error     at makeError (C:\self\work\bfd\projects\adhere\node_modules\execa\index.js:174:9)
10 error     at Function.module.exports.sync (C:\self\work\bfd\projects\adhere\node_modules\execa\index.js:338:15)
10 error     at Object.execSync (C:\self\work\bfd\projects\adhere\node_modules\@lerna\child-process\index.js:26:16)
10 error     at updateRemote (C:\self\work\bfd\projects\adhere\node_modules\@lerna\version\lib\is-behind-upstream.js:26:16)
10 error     at isBehindUpstream (C:\self\work\bfd\projects\adhere\node_modules\@lerna\version\lib\is-behind-upstream.js:11:3)
10 error     at VersionCommand.initialize (C:\self\work\bfd\projects\adhere\node_modules\@lerna\version\index.js:154:9)
