0 info it worked if it ends with ok
1 verbose cli [ 'C:\\Program Files\\nodejs\\node.exe',
1 verbose cli   'C:\\node_modules\\npm\\bin\\npm-cli.js',
1 verbose cli   'run',
1 verbose cli   'lint-staged:js',
1 verbose cli   'C:/self/work/bfd/projects/adhere/packages/adhere-ui-polygonselection/src/draw/circleDrawAction.ts',
1 verbose cli   'C:/self/work/bfd/projects/adhere/packages/adhere-ui-polygonselection/src/draw/drawAction.ts',
1 verbose cli   'C:/self/work/bfd/projects/adhere/packages/adhere-ui-polygonselection/src/draw/freeDrawAction.ts',
1 verbose cli   'C:/self/work/bfd/projects/adhere/packages/adhere-ui-polygonselection/src/draw/polygonDrawAction.ts',
1 verbose cli   'C:/self/work/bfd/projects/adhere/packages/adhere-ui-polygonselection/src/draw/rectangleDrawAction.ts',
1 verbose cli   'C:/self/work/bfd/projects/adhere/packages/adhere-ui-polygonselection/src/draw/triangleDrawAction.ts',
1 verbose cli   'C:/self/work/bfd/projects/adhere/packages/adhere-ui-polygonselection/src/util.ts' ]
2 info using npm@2.15.12
3 info using node@v10.16.3
4 warn invalid config loglevel="notice"
5 verbose run-script [ 'prelint-staged:js', 'lint-staged:js', 'postlint-staged:js' ]
6 info prelint-staged:js root@
7 info lint-staged:js root@
8 verbose unsafe-perm in lifecycle true
9 info root@ Failed to exec lint-staged:js script
10 verbose stack Error: root@ lint-staged:js: `eslint --ext .js,.jsx,.ts,.tsx  "C:/self/work/bfd/projects/adhere/packages/adhere-ui-polygonselection/src/draw/circleDrawAction.ts" "C:/self/work/bfd/projects/adhere/packages/adhere-ui-polygonselection/src/draw/drawAction.ts" "C:/self/work/bfd/projects/adhere/packages/adhere-ui-polygonselection/src/draw/freeDrawAction.ts" "C:/self/work/bfd/projects/adhere/packages/adhere-ui-polygonselection/src/draw/polygonDrawAction.ts" "C:/self/work/bfd/projects/adhere/packages/adhere-ui-polygonselection/src/draw/rectangleDrawAction.ts" "C:/self/work/bfd/projects/adhere/packages/adhere-ui-polygonselection/src/draw/triangleDrawAction.ts" "C:/self/work/bfd/projects/adhere/packages/adhere-ui-polygonselection/src/util.ts"`
10 verbose stack Exit status 1
10 verbose stack     at EventEmitter.<anonymous> (C:\node_modules\npm\lib\utils\lifecycle.js:217:16)
10 verbose stack     at EventEmitter.emit (events.js:198:13)
10 verbose stack     at ChildProcess.<anonymous> (C:\node_modules\npm\lib\utils\spawn.js:24:14)
10 verbose stack     at ChildProcess.emit (events.js:198:13)
10 verbose stack     at maybeClose (internal/child_process.js:982:16)
10 verbose stack     at Process.ChildProcess._handle.onexit (internal/child_process.js:259:5)
11 verbose pkgid root@
12 verbose cwd C:\self\work\bfd\projects\adhere
13 error Windows_NT 6.1.7600
14 error argv "C:\\Program Files\\nodejs\\node.exe" "C:\\node_modules\\npm\\bin\\npm-cli.js" "run" "lint-staged:js" "C:/self/work/bfd/projects/adhere/packages/adhere-ui-polygonselection/src/draw/circleDrawAction.ts" "C:/self/work/bfd/projects/adhere/packages/adhere-ui-polygonselection/src/draw/drawAction.ts" "C:/self/work/bfd/projects/adhere/packages/adhere-ui-polygonselection/src/draw/freeDrawAction.ts" "C:/self/work/bfd/projects/adhere/packages/adhere-ui-polygonselection/src/draw/polygonDrawAction.ts" "C:/self/work/bfd/projects/adhere/packages/adhere-ui-polygonselection/src/draw/rectangleDrawAction.ts" "C:/self/work/bfd/projects/adhere/packages/adhere-ui-polygonselection/src/draw/triangleDrawAction.ts" "C:/self/work/bfd/projects/adhere/packages/adhere-ui-polygonselection/src/util.ts"
15 error node v10.16.3
16 error npm  v2.15.12
17 error code ELIFECYCLE
18 error root@ lint-staged:js: `eslint --ext .js,.jsx,.ts,.tsx  "C:/self/work/bfd/projects/adhere/packages/adhere-ui-polygonselection/src/draw/circleDrawAction.ts" "C:/self/work/bfd/projects/adhere/packages/adhere-ui-polygonselection/src/draw/drawAction.ts" "C:/self/work/bfd/projects/adhere/packages/adhere-ui-polygonselection/src/draw/freeDrawAction.ts" "C:/self/work/bfd/projects/adhere/packages/adhere-ui-polygonselection/src/draw/polygonDrawAction.ts" "C:/self/work/bfd/projects/adhere/packages/adhere-ui-polygonselection/src/draw/rectangleDrawAction.ts" "C:/self/work/bfd/projects/adhere/packages/adhere-ui-polygonselection/src/draw/triangleDrawAction.ts" "C:/self/work/bfd/projects/adhere/packages/adhere-ui-polygonselection/src/util.ts"`
18 error Exit status 1
19 error Failed at the root@ lint-staged:js script 'eslint --ext .js,.jsx,.ts,.tsx  "C:/self/work/bfd/projects/adhere/packages/adhere-ui-polygonselection/src/draw/circleDrawAction.ts" "C:/self/work/bfd/projects/adhere/packages/adhere-ui-polygonselection/src/draw/drawAction.ts" "C:/self/work/bfd/projects/adhere/packages/adhere-ui-polygonselection/src/draw/freeDrawAction.ts" "C:/self/work/bfd/projects/adhere/packages/adhere-ui-polygonselection/src/draw/polygonDrawAction.ts" "C:/self/work/bfd/projects/adhere/packages/adhere-ui-polygonselection/src/draw/rectangleDrawAction.ts" "C:/self/work/bfd/projects/adhere/packages/adhere-ui-polygonselection/src/draw/triangleDrawAction.ts" "C:/self/work/bfd/projects/adhere/packages/adhere-ui-polygonselection/src/util.ts"'.
19 error This is most likely a problem with the root package,
19 error not with npm itself.
19 error Tell the author that this fails on your system:
19 error     eslint --ext .js,.jsx,.ts,.tsx  "C:/self/work/bfd/projects/adhere/packages/adhere-ui-polygonselection/src/draw/circleDrawAction.ts" "C:/self/work/bfd/projects/adhere/packages/adhere-ui-polygonselection/src/draw/drawAction.ts" "C:/self/work/bfd/projects/adhere/packages/adhere-ui-polygonselection/src/draw/freeDrawAction.ts" "C:/self/work/bfd/projects/adhere/packages/adhere-ui-polygonselection/src/draw/polygonDrawAction.ts" "C:/self/work/bfd/projects/adhere/packages/adhere-ui-polygonselection/src/draw/rectangleDrawAction.ts" "C:/self/work/bfd/projects/adhere/packages/adhere-ui-polygonselection/src/draw/triangleDrawAction.ts" "C:/self/work/bfd/projects/adhere/packages/adhere-ui-polygonselection/src/util.ts"
19 error You can get information on how to open an issue for this project with:
19 error     npm bugs root
19 error Or if that isn't available, you can get their info via:
19 error
19 error     npm owner ls root
19 error There is likely additional logging output above.
20 verbose exit [ 1, true ]
