Arguments: 
  C:\Program Files\nodejs\node.exe C:\Users\LT-0815\AppData\Roaming\npm\node_modules\yarn\bin\yarn.js run bootstrap

PATH: 
  E:\baifendian\cmder\bin;E:\baifendian\cmder\vendor\bin;E:\baifendian\cmder\vendor\conemu-maximus5\ConEmu\Scripts;E:\baifendian\cmder\vendor\conemu-maximus5;E:\baifendian\cmder\vendor\conemu-maximus5\ConEmu;E:\;C:\WINDOWS\system32;C:\WINDOWS;C:\WINDOWS\System32\Wbem;C:\WINDOWS\System32\WindowsPowerShell\v1.0\;C:\WINDOWS\System32\OpenSSH\;C:\Program Files\TortoiseGit\bin;%JAVA_HOME%\bin;%JAVA_HOME%\jre\bin;C:\Program Files (x86)\OpenVPN\bin;C:\Program Files\Git\cmd;C:\Users\LT-0815\AppData\Roaming\nvm;C:\Program Files\nodejs;C:\Program Files\Microsoft VS Code\bin;C:\Users\LT-0815\AppData\Local\Microsoft\WindowsApps;C:\Program Files\Microsoft VS Code\bin;C:\Users\LT-0815\AppData\Roaming\npm;C:\Users\LT-0815\AppData\Roaming\nvm;C:\Program Files\nodejs;C:\Program Files\Git\mingw64\bin;C:\Program Files\Git\usr\bin;E:\baifendian\cmder;E:\baifendian\cmder\vendor\git-for-windows\cmd;E:\baifendian\cmder\vendor\git-for-windows\mingw64\bin;E:\baifendian\cmder\vendor\git-for-windows\usr\bin

Yarn version: 
  1.5.1

Node version: 
  10.15.3

Platform: 
  win32 x64

npm manifest: 
  {
    "name": "root",
    "private": true,
    "description": "一个基于React的通用组件库，这个是在平时做的项目中沉淀出来的公共组件，包括UI、功能和其他",
    "scripts": {
      "bootstrap": "lerna bootstrap",
      "clean": "lerna clean",
      "link": "lerna link",
      "changed": "lerna changed",
      "list": "lerna list",
      "publish": "lerna publish",
      "buildpackages": "lerna run buildpackage",
      "buildumd": "node scripts/buildumd.js",
      "generatorchangelog": "lerna run generatorchangelog",
      "lint": "npm run lint:js && npm run lint:style && npm run lint:prettier",
      "lint-staged": "lint-staged",
      "lint-staged:js": "eslint --ext .js,.jsx,.ts,.tsx ",
      "lint:fix": "eslint --fix --cache --ext .js,.jsx,.ts,.tsx --format=pretty ./packages/**/src && npm run lint:style",
      "lint:js": "eslint --cache --ext .js,.jsx,.ts,.tsx --format=pretty ./packages/**/src",
      "lint:prettier": "check-prettier lint",
      "lint:style": "stylelint --fix \"packages/**/src/**/*.less\" --syntax less",
      "prettier": "prettier -c --write \"**/*\""
    },
    "husky": {
      "hooks": {
        "pre-commit": "npm run lint-staged"
      }
    },
    "lint-staged": {
      "**/*.less": "stylelint --syntax less",
      "**/*.{js,jsx,tsx,ts,less,md,json}": [
        "prettier --write",
        "git add"
      ],
      "**/*.{js,jsx,ts,tsx}": "npm run lint-staged:js"
    },
    "author": "playerljc <playerljc@163.com>",
    "repository": {
      "type": "git",
      "url": "https://gitee.com/playerljc/adhere"
    },
    "bugs": {
      "url": "https://gitee.com/playerljc/adhere/issues"
    },
    "license": "ISC",
    "browserslist": {
      "production": [
        ">0.2%",
        "not dead",
        "not op_mini all"
      ],
      "development": [
        "last 1 chrome version",
        "last 1 firefox version",
        "last 1 safari version"
      ]
    },
    "devDependencies": {
      "fs-extra": "^9.0.1",
      "lerna": "^3.22.1",
      "@umijs/fabric": "^2.0.8",
      "eslint": "^6.8.0",
      "husky": "^4.2.5",
      "lint-staged": "^10.2.0",
      "prettier": "^2.0.5",
      "stylelint": "^13.8.0",
      "rimraf": "^3.0.2"
    }
  }

yarn manifest: 
  No manifest

Lockfile: 
  No lockfile

Trace: 
  Error: Command failed.
  Exit code: 1
  Command: C:\WINDOWS\system32\cmd.exe
  Arguments: /d /s /c lerna bootstrap
  Directory: E:\baifendian\模板工程\adhere
  Output:
  
      at ProcessTermError.MessageError (C:\Users\LT-0815\AppData\Roaming\npm\node_modules\yarn\lib\cli.js:186:110)
      at new ProcessTermError (C:\Users\LT-0815\AppData\Roaming\npm\node_modules\yarn\lib\cli.js:226:113)
      at ChildProcess.<anonymous> (C:\Users\LT-0815\AppData\Roaming\npm\node_modules\yarn\lib\cli.js:30281:17)
      at ChildProcess.emit (events.js:189:13)
      at maybeClose (internal/child_process.js:970:16)
      at Process.ChildProcess._handle.onexit (internal/child_process.js:259:5)
