Arguments: 
  C:\Program Files\nodejs\node.exe C:\Program Files\nodejs\node_modules\yarn\bin\yarn.js info --json antd-mobile-icons

PATH: 
  C:\Program Files (x86)\Common Files\Oracle\Java\javapath;C:\WINDOWS\system32;C:\WINDOWS;C:\WINDOWS\System32\Wbem;C:\WINDOWS\System32\WindowsPowerShell\v1.0\;C:\WINDOWS\System32\OpenSSH\;C:\Program Files\OpenVPN\bin;C:\Program Files (x86)\NetSarang\Xftp 7\;C:\Program Files (x86)\NetSarang\Xshell 7\;D:\instantclient_baifendian;D:\instantclient_baifendian\sdk\include;D:\instantclient_baifendian\sdk\lib\msvc;D:\self\my\soft\jdk-18_windows-x64_bin\jdk-18\bin;D:\self\my\soft\jdk-18_windows-x64_bin\jdk-18\jre\bin;C:\Users\q\AppData\Roaming\nvm;C:\Program Files\nodejs;C:\Program Files\Git\cmd;C:\Program Files\Cloudflare\Cloudflare WARP\;D:\Program Files\微信web开发者工具\dll;C:\Users\q\AppData\Local\Microsoft\WindowsApps;C:\Users\q\AppData\Local\Programs\Microsoft VS Code\bin;C:\Program Files\JetBrains\WebStorm 2020.3.3\bin;C:\Users\q\AppData\Roaming\nvm;C:\Program Files\nodejs;C:\Users\q\AppData\Local\Programs\Fiddler;C:\Users\q\AppData\Local\GitHubDesktop\bin;C:\Program Files\PsychoPy;C:\Program Files\PsychoPy\DLLs;C:\Program Files\JetBrains\WebStorm 2023.1.3\bin;

Yarn version: 
  1.22.19

Node version: 
  16.18.0

Platform: 
  win32 x64

Trace: 
  SyntaxError: D:\self\my\frameworker\ctmobile\adhere\2.x\adhere\packages\adhere-mobile-ui-prompt-warnprompt\package.json: Unexpected string in JSON at position 1365
      at JSON.parse (<anonymous>)
      at C:\Users\q\AppData\Roaming\nvm\v16.18.0\node_modules\yarn\lib\cli.js:1629:59
      at Generator.next (<anonymous>)
      at step (C:\Users\q\AppData\Roaming\nvm\v16.18.0\node_modules\yarn\lib\cli.js:310:30)
      at C:\Users\q\AppData\Roaming\nvm\v16.18.0\node_modules\yarn\lib\cli.js:321:13

npm manifest: 
  {
    "name": "@baifendian/adhere-mobile-ui-prompt-warnprompt",
    "version": "2.10.28",
    "description": "警告的提示(就是为了全局统一)",
    "homepage": "https://github.com/playerljc/adhere",
    "bugs": {
      "url": "https://github.com/playerljc/adhere/issues"
    },
    "repository": {
      "type": "git",
      "url": "https://github.com/playerljc/adhere"
    },
    "license": "ISC",
    "author": "playerljc",
    "main": "lib/index.js",
    "module": "es/index.js",
    "files": [
      "lib",
      "es",
      "umd"
    ],
    "scripts": {
      "test": "echo \"Error: no test specified\" && exit 1",
      "buildpackage:cjs": "ctbuild buildpackagets-babel -c ctbuild.package.ts.cjs.config.js -o lib",
      "postbuildpackage:cjs": "tsc --declaration -p ./ --emitDeclarationOnly --outDir lib",
      "buildpackage:esm": "ctbuild buildpackagets-babel -c ctbuild.package.ts.esm.config.js -o es",
      "postbuildpackage:esm": "tsc --declaration -p ./ --emitDeclarationOnly --outDir es",
      "buildpackage": "npm-run-all --parallel buildpackage:cjs buildpackage:esm",
      "buildumd": "ctbuild buildumd --config ctbuild.config.umd.js --packagename AdhereMoileSuccessPrompt --define alias=@,evnVars=true",
      "generatorchangelog": "bd changelog/CHANGELOG.html"
    },
    "dependencies": {
      "@baifendian/adhere-util-intl": "^2.10.28",
      "@types/react": "^18.0.26",
      "@types/react-dom": "^18.0.10",
      "@ant-"
      "antd-mobile": "^5.32.4",
      "react": "^18.2.0",
      "react-dom": "^18.2.0"
    },
    "devDependencies": {
      "@babel/runtime": "^7.21.0",
      "@ctsj/build": "^6.3.0",
      "babel-plugin-import": "^1.13.6",
      "npm-run-all": "^4.1.5",
      "typescript": "^5.0.4"
    },
    "peerDependencies": {
      "antd-mobile": ">=5.0.0 - <6.0.0",
      "react": ">=18.0.0 - <19.0.0",
      "react-dom": ">=18.0.0 - <19.0.0"
    },
    "publishConfig": {
      "access": "public"
    },
    "gitHead": "0a30e53db99509c44e577f464ca0bce0c457f8ba"
  }

yarn manifest: 
  No manifest

Lockfile: 
  No lockfile
